mode: set
ollama-fit/internal/hardware/hardware.go:38.20,41.61 2 0
ollama-fit/internal/hardware/hardware.go:41.61,43.3 1 0
ollama-fit/internal/hardware/hardware.go:44.2,48.49 4 0
ollama-fit/internal/hardware/hardware.go:48.49,50.53 2 0
ollama-fit/internal/hardware/hardware.go:50.53,52.4 1 0
ollama-fit/internal/hardware/hardware.go:54.2,54.13 1 0
ollama-fit/internal/hardware/hardware.go:57.34,57.84 1 1
ollama-fit/internal/hardware/hardware.go:59.25,60.53 1 0
ollama-fit/internal/hardware/hardware.go:60.53,62.3 1 0
ollama-fit/internal/hardware/hardware.go:63.2,63.25 1 0
ollama-fit/internal/hardware/hardware.go:66.24,67.59 1 0
ollama-fit/internal/hardware/hardware.go:67.59,68.55 1 0
ollama-fit/internal/hardware/hardware.go:68.55,70.4 1 0
ollama-fit/internal/hardware/hardware.go:72.2,72.98 1 0
ollama-fit/internal/hardware/hardware.go:72.98,74.3 1 0
ollama-fit/internal/hardware/hardware.go:75.2,75.26 1 0
ollama-fit/internal/hardware/hardware.go:79.54,83.16 4 0
ollama-fit/internal/hardware/hardware.go:83.16,85.3 1 0
ollama-fit/internal/hardware/hardware.go:86.2,86.26 1 0
ollama-fit/internal/hardware/hardware.go:89.32,90.45 1 0
ollama-fit/internal/hardware/hardware.go:90.45,92.3 1 0
ollama-fit/internal/hardware/hardware.go:93.2,93.11 1 0
ollama-fit/internal/hardware/hardware.go:96.25,97.54 1 0
ollama-fit/internal/hardware/hardware.go:97.54,99.3 1 0
ollama-fit/internal/hardware/hardware.go:100.2,100.24 1 0
ollama-fit/internal/hardware/hardware.go:104.22,106.33 1 0
ollama-fit/internal/hardware/hardware.go:106.33,108.3 1 0
ollama-fit/internal/hardware/hardware.go:109.2,109.22 1 0
ollama-fit/internal/hardware/hardware.go:110.16,111.32 1 0
ollama-fit/internal/hardware/hardware.go:111.32,113.4 1 0
ollama-fit/internal/hardware/hardware.go:114.3,114.29 1 0
ollama-fit/internal/hardware/hardware.go:115.15,116.36 1 0
ollama-fit/internal/hardware/hardware.go:116.36,118.4 1 0
ollama-fit/internal/hardware/hardware.go:119.17,120.38 1 0
ollama-fit/internal/hardware/hardware.go:120.38,122.4 1 0
ollama-fit/internal/hardware/hardware.go:124.2,124.26 1 0
ollama-fit/internal/hardware/hardware.go:127.33,130.9 2 0
ollama-fit/internal/hardware/hardware.go:130.9,132.3 1 0
ollama-fit/internal/hardware/hardware.go:133.2,134.16 2 0
ollama-fit/internal/hardware/hardware.go:134.16,136.17 2 0
ollama-fit/internal/hardware/hardware.go:136.17,137.12 1 0
ollama-fit/internal/hardware/hardware.go:139.3,140.21 2 0
ollama-fit/internal/hardware/hardware.go:140.21,141.12 1 0
ollama-fit/internal/hardware/hardware.go:143.3,145.17 3 0
ollama-fit/internal/hardware/hardware.go:145.17,146.12 1 0
ollama-fit/internal/hardware/hardware.go:148.3,148.69 1 0
ollama-fit/internal/hardware/hardware.go:150.2,150.21 1 0
ollama-fit/internal/hardware/hardware.go:153.30,155.9 2 0
ollama-fit/internal/hardware/hardware.go:155.9,157.3 1 0
ollama-fit/internal/hardware/hardware.go:158.2,165.74 2 0
ollama-fit/internal/hardware/hardware.go:165.74,167.3 1 0
ollama-fit/internal/hardware/hardware.go:168.2,170.12 3 0
ollama-fit/internal/hardware/hardware.go:170.12,172.3 1 0
ollama-fit/internal/hardware/hardware.go:173.2,175.69 3 0
ollama-fit/internal/hardware/hardware.go:175.69,177.3 1 0
ollama-fit/internal/hardware/hardware.go:178.2,178.49 1 0
ollama-fit/internal/hardware/hardware.go:182.39,184.17 2 1
ollama-fit/internal/hardware/hardware.go:184.17,186.3 1 1
ollama-fit/internal/hardware/hardware.go:187.2,188.16 2 1
ollama-fit/internal/hardware/hardware.go:188.16,190.3 1 1
ollama-fit/internal/hardware/hardware.go:191.2,191.50 1 1
ollama-fit/internal/hardware/hardware.go:191.50,193.3 1 1
ollama-fit/internal/hardware/hardware.go:194.2,194.12 1 1
ollama-fit/internal/hardware/hardware.go:197.35,199.9 2 0
ollama-fit/internal/hardware/hardware.go:199.9,201.3 1 0
ollama-fit/internal/hardware/hardware.go:202.2,203.50 2 0
ollama-fit/internal/hardware/hardware.go:203.50,205.3 1 0
ollama-fit/internal/hardware/hardware.go:206.2,206.30 1 0
ollama-fit/internal/hardware/hardware.go:206.30,207.25 1 0
ollama-fit/internal/hardware/hardware.go:207.25,208.65 1 0
ollama-fit/internal/hardware/hardware.go:208.65,209.75 1 0
ollama-fit/internal/hardware/hardware.go:209.75,211.6 1 0
ollama-fit/internal/hardware/hardware.go:215.2,215.21 1 0
ollama-fit/internal/hardware/hardware.go:218.37,221.9 3 0
ollama-fit/internal/hardware/hardware.go:221.9,223.3 1 0
ollama-fit/internal/hardware/hardware.go:224.2,230.64 4 0
ollama-fit/internal/hardware/hardware.go:230.64,232.3 1 0
ollama-fit/internal/hardware/hardware.go:232.8,232.53 1 0
ollama-fit/internal/hardware/hardware.go:232.53,234.3 1 0
ollama-fit/internal/hardware/hardware.go:235.2,237.9 3 0
ollama-fit/internal/hardware/hardware.go:238.39,239.18 1 0
ollama-fit/internal/hardware/hardware.go:240.69,241.15 1 0
ollama-fit/internal/hardware/hardware.go:245.2,246.13 2 0
ollama-fit/internal/hardware/hardware.go:246.13,248.3 1 0
ollama-fit/internal/hardware/hardware.go:249.2,249.58 1 0
ollama-fit/internal/catalog/catalog.go:17.23,81.2 1 1
ollama-fit/internal/catalog/scrape.go:43.75,44.21 1 1
ollama-fit/internal/catalog/scrape.go:44.21,45.27 1 1
ollama-fit/internal/catalog/scrape.go:45.28,45.29 0 1
ollama-fit/internal/catalog/scrape.go:47.2,47.13 1 1
ollama-fit/internal/catalog/scrape.go:47.13,50.3 2 1
ollama-fit/internal/catalog/scrape.go:52.2,53.14 2 0
ollama-fit/internal/catalog/scrape.go:53.14,54.97 1 0
ollama-fit/internal/catalog/scrape.go:54.97,58.4 2 0
ollama-fit/internal/catalog/scrape.go:61.2,65.36 4 0
ollama-fit/internal/catalog/scrape.go:65.36,66.58 1 0
ollama-fit/internal/catalog/scrape.go:66.58,69.4 2 0
ollama-fit/internal/catalog/scrape.go:70.3,71.23 2 0
ollama-fit/internal/catalog/scrape.go:74.2,74.48 1 0
ollama-fit/internal/catalog/scrape.go:74.48,76.3 1 0
ollama-fit/internal/catalog/scrape.go:77.2,77.20 1 0
ollama-fit/internal/catalog/scrape.go:80.77,85.16 4 0
ollama-fit/internal/catalog/scrape.go:85.16,87.3 1 0
ollama-fit/internal/catalog/scrape.go:88.2,88.21 1 0
ollama-fit/internal/catalog/scrape.go:88.21,90.3 1 0
ollama-fit/internal/catalog/scrape.go:91.2,100.29 3 0
ollama-fit/internal/catalog/scrape.go:100.29,103.24 3 0
ollama-fit/internal/catalog/scrape.go:103.24,105.17 2 0
ollama-fit/internal/catalog/scrape.go:105.17,105.26 1 0
ollama-fit/internal/catalog/scrape.go:106.4,106.61 1 0
ollama-fit/internal/catalog/scrape.go:106.61,110.5 3 0
ollama-fit/internal/catalog/scrape.go:111.4,111.49 1 0
ollama-fit/internal/catalog/scrape.go:111.49,113.5 1 0
ollama-fit/internal/catalog/scrape.go:116.2,118.44 2 0
ollama-fit/internal/catalog/scrape.go:118.44,118.80 1 0
ollama-fit/internal/catalog/scrape.go:119.2,120.17 2 0
ollama-fit/internal/catalog/scrape.go:124.80,126.16 2 0
ollama-fit/internal/catalog/scrape.go:126.16,128.3 1 0
ollama-fit/internal/catalog/scrape.go:129.2,131.74 3 0
ollama-fit/internal/catalog/scrape.go:131.74,136.52 4 0
ollama-fit/internal/catalog/scrape.go:136.52,138.4 1 0
ollama-fit/internal/catalog/scrape.go:139.3,139.18 1 0
ollama-fit/internal/catalog/scrape.go:139.18,142.4 2 0
ollama-fit/internal/catalog/scrape.go:144.2,144.19 1 0
ollama-fit/internal/catalog/scrape.go:148.90,150.16 2 0
ollama-fit/internal/catalog/scrape.go:150.16,152.3 1 0
ollama-fit/internal/catalog/scrape.go:153.2,157.74 3 0
ollama-fit/internal/catalog/scrape.go:157.74,159.39 2 0
ollama-fit/internal/catalog/scrape.go:159.39,161.4 1 0
ollama-fit/internal/catalog/scrape.go:162.3,163.40 2 0
ollama-fit/internal/catalog/scrape.go:163.40,165.4 1 0
ollama-fit/internal/catalog/scrape.go:166.3,167.32 2 0
ollama-fit/internal/catalog/scrape.go:167.32,169.4 1 0
ollama-fit/internal/catalog/scrape.go:172.2,173.29 2 0
ollama-fit/internal/catalog/scrape.go:173.29,175.16 2 0
ollama-fit/internal/catalog/scrape.go:175.16,176.12 1 0
ollama-fit/internal/catalog/scrape.go:178.3,184.5 1 0
ollama-fit/internal/catalog/scrape.go:186.2,186.17 1 0
ollama-fit/internal/catalog/scrape.go:189.94,191.16 2 0
ollama-fit/internal/catalog/scrape.go:191.16,193.3 1 0
ollama-fit/internal/catalog/scrape.go:194.2,197.16 4 0
ollama-fit/internal/catalog/scrape.go:197.16,199.3 1 0
ollama-fit/internal/catalog/scrape.go:200.2,201.38 2 0
ollama-fit/internal/catalog/scrape.go:201.38,203.3 1 0
ollama-fit/internal/catalog/scrape.go:204.2,204.49 1 0
ollama-fit/internal/catalog/scrape.go:207.36,209.16 2 1
ollama-fit/internal/catalog/scrape.go:209.16,211.3 1 1
ollama-fit/internal/catalog/scrape.go:212.2,213.16 2 1
ollama-fit/internal/catalog/scrape.go:213.16,215.3 1 0
ollama-fit/internal/catalog/scrape.go:216.2,216.35 1 1
ollama-fit/internal/catalog/scrape.go:216.35,218.3 1 1
ollama-fit/internal/catalog/scrape.go:219.2,219.10 1 1
ollama-fit/internal/catalog/scrape.go:222.37,225.42 2 1
ollama-fit/internal/catalog/scrape.go:225.42,227.3 1 1
ollama-fit/internal/catalog/scrape.go:228.2,228.56 1 1
ollama-fit/internal/catalog/scrape.go:228.56,230.3 1 1
ollama-fit/internal/catalog/scrape.go:231.2,231.14 1 1
ollama-fit/internal/catalog/scrape.go:234.36,235.43 1 1
ollama-fit/internal/catalog/scrape.go:235.43,237.3 1 1
ollama-fit/internal/catalog/scrape.go:238.2,238.18 1 1
ollama-fit/internal/catalog/scrape.go:243.25,245.29 2 1
ollama-fit/internal/catalog/scrape.go:245.29,247.3 1 0
ollama-fit/internal/catalog/scrape.go:248.2,248.57 1 1
ollama-fit/internal/catalog/scrape.go:251.47,253.16 2 1
ollama-fit/internal/catalog/scrape.go:253.16,255.3 1 1
ollama-fit/internal/catalog/scrape.go:256.2,257.35 2 1
ollama-fit/internal/catalog/scrape.go:257.35,259.3 1 1
ollama-fit/internal/catalog/scrape.go:260.2,260.17 1 1
ollama-fit/internal/catalog/scrape.go:263.51,264.63 1 1
ollama-fit/internal/catalog/scrape.go:264.63,266.3 1 0
ollama-fit/internal/catalog/scrape.go:267.2,268.16 2 1
ollama-fit/internal/catalog/scrape.go:268.16,270.3 1 0
ollama-fit/internal/catalog/scrape.go:271.2,271.37 1 1
ollama-fit/internal/catalog/scrape.go:274.35,276.9 2 1
ollama-fit/internal/catalog/scrape.go:277.23,278.25 1 1
ollama-fit/internal/catalog/scrape.go:279.21,280.54 1 1
ollama-fit/internal/catalog/scrape.go:281.10,282.50 1 1
ollama-fit/internal/eval/eval.go:36.56,43.9 5 1
ollama-fit/internal/eval/eval.go:44.24,46.45 2 1
ollama-fit/internal/eval/eval.go:47.22,49.27 2 1
ollama-fit/internal/eval/eval.go:53.2,53.39 1 1
ollama-fit/internal/eval/eval.go:53.39,56.3 2 1
ollama-fit/internal/eval/eval.go:58.2,58.34 1 1
ollama-fit/internal/eval/eval.go:58.34,61.3 2 1
ollama-fit/internal/eval/eval.go:63.2,63.38 1 1
ollama-fit/internal/eval/eval.go:63.38,64.17 1 1
ollama-fit/internal/eval/eval.go:64.17,66.4 1 1
ollama-fit/internal/eval/eval.go:66.9,66.23 1 1
ollama-fit/internal/eval/eval.go:66.23,68.4 1 1
ollama-fit/internal/eval/eval.go:68.9,70.4 1 1
ollama-fit/internal/eval/eval.go:71.3,71.11 1 1
ollama-fit/internal/eval/eval.go:74.2,74.26 1 1
ollama-fit/internal/eval/eval.go:74.26,77.3 2 1
ollama-fit/internal/eval/eval.go:79.2,80.10 2 1
ollama-fit/internal/eval/eval.go:83.35,84.14 1 1
ollama-fit/internal/eval/eval.go:85.16,86.16 1 1
ollama-fit/internal/eval/eval.go:87.13,88.16 1 1
ollama-fit/internal/eval/eval.go:89.15,90.17 1 1
ollama-fit/internal/eval/eval.go:91.15,92.16 1 1
ollama-fit/internal/eval/eval.go:94.2,94.11 1 1
ollama-fit/main.go:16.13,24.66 6 0
ollama-fit/main.go:24.66,26.3 1 0
ollama-fit/main.go:27.2,27.16 1 0
ollama-fit/main.go:27.16,29.3 1 0
ollama-fit/main.go:30.2,30.22 1 0
ollama-fit/main.go:30.22,33.3 2 0
ollama-fit/main.go:35.2,36.29 2 0
ollama-fit/main.go:36.29,38.3 1 0
ollama-fit/main.go:40.2,41.35 2 0
ollama-fit/main.go:41.35,44.3 2 0
ollama-fit/internal/tui/tui.go:60.32,61.11 1 1
ollama-fit/internal/tui/tui.go:62.13,63.19 1 1
ollama-fit/internal/tui/tui.go:64.14,65.17 1 1
ollama-fit/internal/tui/tui.go:66.11,67.19 1 1
ollama-fit/internal/tui/tui.go:68.10,69.17 1 1
ollama-fit/internal/tui/tui.go:90.57,91.48 1 1
ollama-fit/internal/tui/tui.go:91.48,93.3 1 1
ollama-fit/internal/tui/tui.go:94.2,96.10 3 1
ollama-fit/internal/tui/tui.go:99.31,99.45 1 1
ollama-fit/internal/tui/tui.go:101.31,104.26 3 1
ollama-fit/internal/tui/tui.go:104.26,105.19 1 1
ollama-fit/internal/tui/tui.go:106.14,107.30 1 1
ollama-fit/internal/tui/tui.go:107.30,108.13 1 1
ollama-fit/internal/tui/tui.go:110.15,111.31 1 1
ollama-fit/internal/tui/tui.go:111.31,112.13 1 1
ollama-fit/internal/tui/tui.go:114.12,115.28 1 1
ollama-fit/internal/tui/tui.go:115.28,116.13 1 1
ollama-fit/internal/tui/tui.go:119.3,119.69 1 1
ollama-fit/internal/tui/tui.go:119.69,120.12 1 1
ollama-fit/internal/tui/tui.go:122.3,122.23 1 1
ollama-fit/internal/tui/tui.go:124.2,125.29 2 1
ollama-fit/internal/tui/tui.go:125.29,127.3 1 1
ollama-fit/internal/tui/tui.go:128.2,128.17 1 1
ollama-fit/internal/tui/tui.go:131.33,133.11 2 1
ollama-fit/internal/tui/tui.go:133.11,135.3 1 1
ollama-fit/internal/tui/tui.go:136.2,136.10 1 1
ollama-fit/internal/tui/tui.go:139.31,141.25 2 1
ollama-fit/internal/tui/tui.go:141.25,143.3 1 0
ollama-fit/internal/tui/tui.go:144.2,144.29 1 1
ollama-fit/internal/tui/tui.go:144.29,146.3 1 0
ollama-fit/internal/tui/tui.go:147.2,147.18 1 1
ollama-fit/internal/tui/tui.go:147.18,149.3 1 0
ollama-fit/internal/tui/tui.go:150.2,150.51 1 1
ollama-fit/internal/tui/tui.go:150.51,151.17 1 1
ollama-fit/internal/tui/tui.go:151.17,153.4 1 1
ollama-fit/internal/tui/tui.go:154.3,154.20 1 1
ollama-fit/internal/tui/tui.go:160.57,161.27 1 1
ollama-fit/internal/tui/tui.go:162.25,165.16 3 1
ollama-fit/internal/tui/tui.go:166.18,167.18 1 1
ollama-fit/internal/tui/tui.go:167.18,169.4 1 1
ollama-fit/internal/tui/tui.go:170.3,170.23 1 1
ollama-fit/internal/tui/tui.go:171.29,172.22 1 1
ollama-fit/internal/tui/tui.go:173.18,174.20 1 1
ollama-fit/internal/tui/tui.go:174.20,176.5 1 1
ollama-fit/internal/tui/tui.go:177.20,178.32 1 1
ollama-fit/internal/tui/tui.go:178.32,180.5 1 1
ollama-fit/internal/tui/tui.go:181.15,183.20 2 1
ollama-fit/internal/tui/tui.go:183.20,185.5 1 1
ollama-fit/internal/tui/tui.go:186.17,188.32 2 1
ollama-fit/internal/tui/tui.go:188.32,190.5 1 1
ollama-fit/internal/tui/tui.go:191.20,192.16 1 1
ollama-fit/internal/tui/tui.go:193.19,194.30 1 1
ollama-fit/internal/tui/tui.go:195.12,198.19 3 1
ollama-fit/internal/tui/tui.go:199.12,200.22 1 1
ollama-fit/internal/tui/tui.go:202.3,202.19 1 1
ollama-fit/internal/tui/tui.go:202.19,204.4 1 0
ollama-fit/internal/tui/tui.go:205.3,205.18 1 1
ollama-fit/internal/tui/tui.go:207.2,207.15 1 1
ollama-fit/internal/tui/tui.go:210.66,211.22 1 1
ollama-fit/internal/tui/tui.go:212.15,213.22 1 1
ollama-fit/internal/tui/tui.go:214.13,217.18 3 1
ollama-fit/internal/tui/tui.go:218.19,219.24 1 1
ollama-fit/internal/tui/tui.go:219.24,222.4 2 1
ollama-fit/internal/tui/tui.go:223.10,224.29 1 1
ollama-fit/internal/tui/tui.go:224.29,227.4 2 1
ollama-fit/internal/tui/tui.go:229.2,229.15 1 1
ollama-fit/internal/tui/tui.go:234.30,235.35 1 1
ollama-fit/internal/tui/tui.go:235.35,237.3 1 1
ollama-fit/internal/tui/tui.go:238.2,238.75 1 1
ollama-fit/internal/tui/tui.go:241.39,242.26 1 1
ollama-fit/internal/tui/tui.go:242.26,243.20 1 1
ollama-fit/internal/tui/tui.go:244.18,245.7 1 1
ollama-fit/internal/tui/tui.go:246.19,247.7 1 1
ollama-fit/internal/tui/tui.go:248.11,249.7 1 1
ollama-fit/internal/tui/tui.go:252.2,252.8 1 1
ollama-fit/internal/tui/tui.go:255.34,257.9 2 1
ollama-fit/internal/tui/tui.go:258.25,259.100 1 1
ollama-fit/internal/tui/tui.go:260.20,261.91 1 1
ollama-fit/internal/tui/tui.go:262.56,263.49 1 1
ollama-fit/internal/tui/tui.go:264.10,265.55 1 1
ollama-fit/internal/tui/tui.go:269.32,271.47 2 1
ollama-fit/internal/tui/tui.go:271.47,273.3 1 1
ollama-fit/internal/tui/tui.go:274.2,280.76 4 1
ollama-fit/internal/tui/tui.go:283.35,283.84 1 1
ollama-fit/internal/tui/tui.go:285.38,291.2 2 1
ollama-fit/internal/tui/tui.go:293.40,294.11 1 1
ollama-fit/internal/tui/tui.go:295.17,296.19 1 1
ollama-fit/internal/tui/tui.go:297.18,298.17 1 1
ollama-fit/internal/tui/tui.go:299.10,300.19 1 1
ollama-fit/internal/tui/tui.go:304.49,305.11 1 1
ollama-fit/internal/tui/tui.go:306.17,307.15 1 1
ollama-fit/internal/tui/tui.go:308.18,309.16 1 1
ollama-fit/internal/tui/tui.go:310.10,311.13 1 1
ollama-fit/internal/tui/tui.go:315.63,317.14 2 1
ollama-fit/internal/tui/tui.go:317.14,319.3 1 1
ollama-fit/internal/tui/tui.go:320.2,329.14 4 1
ollama-fit/internal/tui/tui.go:329.14,331.3 1 1
ollama-fit/internal/tui/tui.go:332.2,332.21 1 1
ollama-fit/internal/tui/tui.go:335.44,336.22 1 1
ollama-fit/internal/tui/tui.go:336.22,338.3 1 1
ollama-fit/internal/tui/tui.go:339.2,341.23 3 1
ollama-fit/internal/tui/tui.go:341.23,343.3 1 1
ollama-fit/internal/tui/tui.go:344.2,345.31 2 1
ollama-fit/internal/tui/tui.go:345.31,347.3 1 1
ollama-fit/internal/tui/tui.go:348.2,348.26 1 1
ollama-fit/internal/tui/tui.go:348.26,350.3 1 1
ollama-fit/internal/tui/tui.go:351.2,351.34 1 1
ollama-fit/internal/tui/tui.go:354.32,355.17 1 1
ollama-fit/internal/tui/tui.go:355.17,357.3 1 1
ollama-fit/internal/tui/tui.go:358.2,363.29 3 1
